<?xml version="1.0" encoding="UTF-8"?>
<!-- Generated by org.testng.reporters.JUnitXMLReporter -->
<testsuite ignored="0" hostname="DESKTOP-5KF0IL0" failures="1" tests="4" name="CrossBrowser1" time="14.955" errors="0" timestamp="2024-10-01T15:09:30 IST">
  <testcase classname="testingDemo.CrossBrowser" name="setup" time="6.233"/>
  <testcase classname="testingDemo.CrossBrowser" name="FullName" time="0.148"/>
  <testcase classname="testingDemo.CrossBrowser" name="EnterEmail" time="0.088"/>
  <testcase classname="testingDemo.CrossBrowser" name="click_On_signup_button" time="3.356">
    <failure type="java.lang.AssertionError" message="expected [ENTER ACCOUNT INFORMATION] but found [ENTER... ACCOUNT INFORMATION]">
      <![CDATA[java.lang.AssertionError: expected [ENTER ACCOUNT INFORMATION] but found [ENTER... ACCOUNT INFORMATION]
at testingDemo.CrossBrowser.click_On_signup_button(CrossBrowser.java:70)
at java.base/java.util.ArrayList.forEach(ArrayList.java:1597)
... Removed 31 stack frames]]>
    </failure>
  </testcase> <!-- click_On_signup_button -->
</testsuite> <!-- CrossBrowser1 -->
